\BOOKMARK [0][-]{section*.1}{\376\377\004\041\004\077\004\065\004\106\004\070\004\104\004\070\004\072\004\060\004\106\004\070\004\117\000\040\004\102\004\100\004\065\004\061\004\076\004\062\004\060\004\075\004\070\004\071}{}% 1
\BOOKMARK [0][-]{chapter.1}{\376\377\004\036\004\061\004\111\004\065\004\065\000\040\004\076\004\077\004\070\004\101\004\060\004\075\004\070\004\065}{}% 2
\BOOKMARK [1][-]{section.1.1}{\376\377\004\046\004\065\004\073\004\114\000\040\004\101\004\076\004\067\004\064\004\060\004\075\004\070\004\117}{chapter.1}% 3
\BOOKMARK [1][-]{section.1.2}{\376\377\004\023\004\100\004\060\004\075\004\070\004\106\004\113\000\040\004\077\004\100\004\076\004\065\004\072\004\102\004\060}{chapter.1}% 4
\BOOKMARK [1][-]{section.1.3}{\376\377\004\036\004\072\004\100\004\103\004\066\004\065\004\075\004\070\004\065\000\040\004\101\004\070\004\101\004\102\004\065\004\074\004\113}{chapter.1}% 5
\BOOKMARK [1][-]{section.1.4}{\376\377\004\045\004\060\004\100\004\060\004\072\004\102\004\065\004\100\004\070\004\101\004\102\004\070\004\072\004\070\000\040\004\077\004\076\004\073\004\114\004\067\004\076\004\062\004\060\004\102\004\065\004\073\004\065\004\071}{chapter.1}% 6
\BOOKMARK [1][-]{section.1.5}{\376\377\004\037\004\100\004\065\004\064\004\077\004\076\004\073\004\076\004\066\004\065\004\075\004\070\004\117\000\040\004\070\000\040\004\067\004\060\004\062\004\070\004\101\004\070\004\074\004\076\004\101\004\102\004\070}{chapter.1}% 7
\BOOKMARK [1][-]{section.1.6}{\376\377\004\042\004\065\004\100\004\074\004\070\004\075\004\113\000\040\004\070\000\040\004\101\004\076\004\063\004\073\004\060\004\110\004\065\004\075\004\070\004\117}{chapter.1}% 8
\BOOKMARK [0][-]{chapter.2}{\376\377\004\024\004\065\004\102\004\060\004\073\004\114\004\075\004\113\004\065\000\040\004\102\004\100\004\065\004\061\004\076\004\062\004\060\004\075\004\070\004\117}{}% 9
\BOOKMARK [1][-]{section.2.1}{\376\377\004\042\004\100\004\065\004\061\004\076\004\062\004\060\004\075\004\070\004\117\000\040\004\072\000\040\004\062\004\075\004\065\004\110\004\075\004\070\004\074\000\040\004\070\004\075\004\102\004\065\004\100\004\104\004\065\004\071\004\101\004\060\004\074}{chapter.2}% 10
\BOOKMARK [2][-]{subsection.2.1.1}{\376\377\004\030\004\075\004\102\004\065\004\100\004\104\004\065\004\071\004\101\004\113\000\040\004\077\004\076\004\073\004\114\004\067\004\076\004\062\004\060\004\102\004\065\004\073\004\117\000\040\000\050\000U\000I\000\051}{section.2.1}% 11
\BOOKMARK [2][-]{subsection.2.1.2}{\376\377\004\020\004\077\004\077\004\060\004\100\004\060\004\102\004\075\004\113\004\065\000\040\004\070\004\075\004\102\004\065\004\100\004\104\004\065\004\071\004\101\004\113}{section.2.1}% 12
\BOOKMARK [2][-]{subsection.2.1.3}{\376\377\004\037\004\100\004\076\004\063\004\100\004\060\004\074\004\074\004\075\004\113\004\065\000\040\004\070\004\075\004\102\004\065\004\100\004\104\004\065\004\071\004\101\004\113}{section.2.1}% 13
\BOOKMARK [2][-]{subsection.2.1.4}{\376\377\004\030\004\075\004\102\004\065\004\100\004\104\004\065\004\071\004\101\004\113\000\040\004\101\004\062\004\117\004\067\004\070\000\040\004\070\000\040\004\072\004\076\004\074\004\074\004\103\004\075\004\070\004\072\004\060\004\106\004\070\004\070}{section.2.1}% 14
\BOOKMARK [1][-]{section.2.2}{\376\377\004\044\004\103\004\075\004\072\004\106\004\070\004\076\004\075\004\060\004\073\004\114\004\075\004\113\004\065\000\040\004\102\004\100\004\065\004\061\004\076\004\062\004\060\004\075\004\070\004\117}{chapter.2}% 15
\BOOKMARK [1][-]{section.2.3}{\376\377\004\035\004\065\004\104\004\103\004\075\004\072\004\106\004\070\004\076\004\075\004\060\004\073\004\114\004\075\004\113\004\065\000\040\004\102\004\100\004\065\004\061\004\076\004\062\004\060\004\075\004\070\004\117}{chapter.2}% 16
\BOOKMARK [0][-]{appendix.A}{\376\377\004\034\004\060\004\072\004\065\004\102\004\113\000\040\004\077\004\076\004\073\004\114\004\067\004\076\004\062\004\060\004\102\004\065\004\073\004\114\004\101\004\072\004\076\004\063\004\076\000\040\004\070\004\075\004\102\004\065\004\100\004\104\004\065\004\071\004\101\004\060}{}% 17
\BOOKMARK [0][-]{appendix.B}{\376\377\004\034\004\076\004\064\004\065\004\073\004\070\000\040\004\064\004\060\004\075\004\075\004\113\004\105}{}% 18
\BOOKMARK [0][-]{appendix.C}{\376\377\004\024\004\076\004\077\004\076\004\073\004\075\004\070\004\102\004\065\004\073\004\114\004\075\004\060\004\117\000\040\004\070\004\075\004\104\004\076\004\100\004\074\004\060\004\106\004\070\004\117}{}% 19
\BOOKMARK [0][-]{section*.7}{\376\377\004\041\004\037\004\030\004\041\004\036\004\032\000\040\004\030\004\041\004\037\004\036\004\033\004\054\004\027\004\036\004\022\004\020\004\035\004\035\004\053\004\045\000\040\004\030\004\041\004\042\004\036\004\047\004\035\004\030\004\032\004\036\004\022}{}% 20
